digraph tree {
	graph [bb="0,0,191.75,380"];
	node [label="\N"];
	0	 [height=0.5,
		pos="75.254,362",
		width=0.75];
	1	 [height=0.5,
		pos="75.254,276",
		width=0.75];
	0 -> 1	 [label="  1.0",
		lp="59.504,319",
		pos="e,59.008,290.63 59.623,346.93 54.493,340.95 49.426,333.68 46.754,326 43.489,316.61 47.062,306.98 52.653,298.7"];
	1 -> 0	 [label="  1.0",
		lp="87.504,319",
		pos="e,75.254,343.76 75.254,294.21 75.254,305.61 75.254,320.53 75.254,333.48"];
	1 -> 0	 [color=blue,
		pos="e,90.442,346.82 89.534,291.29 94.216,297.28 98.835,304.52 101.25,312 104.17,321.02 101.15,330.38 96.273,338.53"];
	3	 [height=0.5,
		pos="99.254,104",
		width=0.75];
	1 -> 3	 [label="  1.0",
		lp="16.504,190",
		pos="e,74.817,111.96 56.023,263.04 47.125,256.61 36.684,248.43 28.254,240 5.5417,217.28 -6.5552,202.42 3.7544,172 13.112,144.38 41.904,\
126.38 65.449,115.88"];
	1 -> 3	 [color=blue,
		pos="e,86.678,119.98 71.677,258.13 70.685,252.37 69.746,245.94 69.254,240 66.455,206.17 68.836,162.02 76.254,140 77.549,136.16 79.34,\
132.31 81.356,128.64"];
	2	 [height=0.5,
		pos="123.25,190",
		width=0.75];
	1 -> 2	 [label=" 10.0",
		lp="90.254,233",
		pos="e,101.29,200.98 71.944,257.97 70.994,248.03 71.314,235.76 76.254,226 80.04,218.52 86.185,212.15 92.801,206.95"];
	3 -> 1	 [label="  1.0",
		lp="179.5,190",
		pos="e,99.313,267.59 123.3,112.64 135.65,118.4 149.65,127.28 157.25,140 172.77,165.95 166.2,178.57 159.25,208 155.6,223.48 154.37,228.63 \
143.25,240 133.61,249.88 120.66,257.65 108.66,263.4"];
	4	 [height=0.5,
		pos="99.254,18",
		width=0.75];
	3 -> 4	 [label="  1.0",
		lp="73.504,61",
		pos="e,79.465,30.425 79.881,91.238 72.434,85.179 64.762,77.234 60.754,68 55.867,56.739 62.633,45.757 71.788,36.968"];
	3 -> 4	 [color=blue,
		pos="e,99.254,36.212 99.254,85.762 99.254,74.36 99.254,59.434 99.254,46.494"];
	3 -> 2	 [label="  1.0",
		lp="125.5,147",
		pos="e,118.28,172.18 104.22,121.8 107.5,133.55 111.87,149.19 115.59,162.53"];
	3 -> 2	 [color=blue,
		pos="e,135.69,173.5 119.91,116.08 128.16,122.12 136.76,130.23 141.25,140 144.82,147.75 143.46,156.42 140.27,164.33"];
	4 -> 3	 [label="  1.0",
		lp="123.5,61",
		pos="e,105.8,86.296 106.31,35.477 109.35,45.028 111.88,57.1 110.25,68 109.84,70.753 109.26,73.587 108.58,76.398"];
	2 -> 1	 [label=" 10.0",
		lp="125.25,233",
		pos="e,89.394,260.65 118.03,207.73 114.77,217.58 110.07,229.85 104.25,240 101.79,244.3 98.826,248.62 95.748,252.7"];
	2 -> 3	 [label="  1.0",
		lp="94.504,147",
		pos="e,87.102,120.51 102.84,177.87 94.687,171.82 86.189,163.72 81.754,154 78.226,146.27 79.526,137.6 82.628,129.68"];
}
